<?xml version="1.0" encoding="UTF-8"?>
<testsuite name="TemaRepositoryTest" tests="5" skipped="0" failures="0" errors="0" timestamp="2019-11-22T07:37:27" hostname="DESKTOP-IF3JUU7" time="0.008">
  <properties/>
  <testcase name="delete()" classname="TemaRepositoryTest" time="0.002"/>
  <testcase name="findAll()" classname="TemaRepositoryTest" time="0.0"/>
  <testcase name="findOne()" classname="TemaRepositoryTest" time="0.001"/>
  <testcase name="update()" classname="TemaRepositoryTest" time="0.0"/>
  <testcase name="save()" classname="TemaRepositoryTest" time="0.001"/>
  <system-out><![CDATA[]]></system-out>
  <system-err><![CDATA[]]></system-err>
</testsuite>
