<?xml version="1.0" encoding="UTF-8"?>
<testsuite name="StudentRepositoryTest" tests="5" skipped="0" failures="0" errors="0" timestamp="2019-11-22T07:37:27" hostname="DESKTOP-IF3JUU7" time="0.038">
  <properties/>
  <testcase name="delete()" classname="StudentRepositoryTest" time="0.003"/>
  <testcase name="findAll()" classname="StudentRepositoryTest" time="0.005"/>
  <testcase name="findOne()" classname="StudentRepositoryTest" time="0.003"/>
  <testcase name="update()" classname="StudentRepositoryTest" time="0.009"/>
  <testcase name="save()" classname="StudentRepositoryTest" time="0.002"/>
  <system-out><![CDATA[]]></system-out>
  <system-err><![CDATA[]]></system-err>
</testsuite>
